<?xml version="1.0" encoding="UTF-8"?>
<!-- Generated by org.testng.reporters.JUnitReportReporter -->
<testsuite hostname="test-PC" name="com.eleks.demo.tests.FirstTest" tests="1" failures="0" timestamp="8 Nov 2016 08:26:28 GMT" time="7.008" errors="0">
  <testcase name="testMethod" time="7.008" classname="com.eleks.demo.tests.FirstTest"/>
</testsuite> <!-- com.eleks.demo.tests.FirstTest -->
